0007346.398168s ###  25 pulses
num high   low      freq
  1  432uS    920uS  -34.144kHz
  2 1024uS    352uS  -36.865kHz
  3  428uS    920uS  -36.799kHz
  4 1028uS    348uS  -37.451kHz
  5  428uS    920uS  -33.294kHz
  6  440uS    936uS  -35.795kHz
  7  424uS    928uS  -35.967kHz
  8 1024uS    348uS  -36.621kHz
  9  428uS    920uS  -33.879kHz
 10  440uS    936uS  -36.364kHz
 11  424uS    924uS  -36.557kHz
 12 1024uS    352uS  -37.842kHz
 13  424uS    924uS  -36.557kHz
 14 1020uS    352uS  -36.520kHz
 15  428uS    924uS  -35.631kHz
 16 1024uS    352uS  -36.865kHz
 17  424uS    924uS  -36.557kHz
 18 1016uS    356uS  -37.402kHz
 19  424uS    924uS  -37.146kHz
 20 1020uS    352uS  -36.765kHz
 21  428uS    920uS  -36.215kHz
 22 1024uS    348uS  -37.842kHz
 23 1012uS    336uS  -37.549kHz
 24 1020uS    352uS  -37.010kHz
 25  424uS   8004uS  -37.146kHz
0007346.440972s ###  25 pulses
num high   low      freq
  1  432uS    920uS  -36.458kHz
  2 1024uS    352uS  -37.354kHz
  3  428uS    920uS  -34.463kHz
  4 1020uS    352uS  -36.765kHz
  5  428uS    924uS  -36.215kHz
  6  436uS    940uS  -34.404kHz
  7  424uS    924uS  -36.557kHz
  8 1020uS    352uS  -37.255kHz
  9  424uS    924uS  -37.146kHz
 10  440uS    940uS  -36.932kHz
 11  420uS    928uS  -34.524kHz
 12 1024uS    348uS  -37.354kHz
 13  428uS    920uS  -35.631kHz
 14 1024uS    352uS  -37.598kHz
 15  428uS    920uS  -36.215kHz
 16 1020uS    352uS  -37.500kHz
 17  428uS    916uS  -33.879kHz
 18 1028uS    348uS  -37.695kHz
 19  428uS    924uS  -33.879kHz
 20 1020uS    352uS  -37.500kHz
 21  424uS    924uS  -36.557kHz
 22 1020uS    348uS  -37.745kHz
 23 1016uS    336uS  -37.402kHz
 24 1024uS    348uS  -36.621kHz
 25  424uS   8004uS  -34.198kHz
0007346.483776s ###  25 pulses
num high   low      freq
  1  428uS    920uS  -36.215kHz
  2 1024uS    348uS  -36.377kHz
  3  428uS    924uS  -35.631kHz
  4 1024uS    348uS  -36.621kHz
  5  428uS    924uS  -34.463kHz
  6  440uS    932uS  -36.364kHz
  7  432uS    920uS  -33.565kHz
  8 1020uS    352uS  -36.520kHz
  9  424uS    924uS  -35.967kHz
 10  440uS    936uS  -35.795kHz
 11  428uS    920uS  -33.294kHz
 12 1024uS    352uS  -37.598kHz
 13  428uS    920uS  -36.215kHz
 14 1020uS    348uS  -37.500kHz
 15  436uS    916uS  -35.550kHz
 16 1024uS    352uS  -37.842kHz
 17  424uS    924uS  -36.557kHz
 18 1024uS    352uS  -36.621kHz
 19  424uS    924uS  -33.608kHz
 20 1020uS    352uS  -37.255kHz
 21  428uS    916uS  -36.799kHz
 22 1028uS    344uS  -36.479kHz
 23 1012uS    340uS  -37.302kHz
 24 1024uS    348uS  -36.377kHz
 25  428uS   8004uS  -36.799kHz
0007346.526568s ###  25 pulses
num high   low      freq
  1  432uS    924uS  -36.458kHz
  2 1024uS    348uS  -36.621kHz
  3  428uS    920uS  -33.879kHz
  4 1028uS    348uS  -36.722kHz
  5  428uS    916uS  -36.799kHz
  6  440uS    940uS  -35.227kHz
  7  424uS    924uS  -37.146kHz
  8 1024uS    352uS  -37.842kHz
  9  424uS    924uS  -36.557kHz
 10  440uS    936uS  -36.364kHz
 11  428uS    924uS  -36.215kHz
 12 1016uS    348uS  -36.417kHz
 13  432uS    924uS  -37.037kHz
 14 1020uS    352uS  -36.765kHz
 15  428uS    920uS  -36.215kHz
 16 1020uS    352uS  -36.029kHz
 17  428uS    920uS  -34.463kHz
 18 1024uS    348uS  -36.621kHz
 19  432uS    916uS  -35.880kHz
 20 1020uS    356uS  -37.500kHz
 21  424uS    924uS  -37.146kHz
 22 1024uS    348uS  -36.621kHz
 23 1012uS    336uS  -37.796kHz
 24 1020uS    352uS  -37.745kHz
 25  428uS   8004uS  -36.215kHz
0007346.569364s ###  25 pulses
num high   low      freq
  1  432uS    920uS  -34.144kHz
  2 1028uS    348uS  -37.208kHz
  3  424uS    924uS  -35.967kHz
  4 1020uS    352uS  -36.765kHz
  5  428uS    920uS  -36.799kHz
  6  440uS    936uS  -34.659kHz
  7  428uS    920uS  -36.799kHz
  8 1024uS    356uS  -37.354kHz
  9  420uS    924uS  -35.119kHz
 10  440uS    932uS  -35.795kHz
 11  428uS    924uS  -35.631kHz
 12 1024uS    348uS  -36.621kHz
 13  428uS    920uS  -34.463kHz
 14 1028uS    352uS  -37.208kHz
 15  420uS    924uS  -35.119kHz
 16 1020uS    348uS  -36.765kHz
 17  436uS    916uS  -36.124kHz
 18 1024uS    348uS  -37.354kHz
 19  428uS    920uS  -35.631kHz
 20 1024