0005391.906700s ###  25 pulses
num high   low      freq
  1  500uS    856uS  -30.500kHz
  2  532uS    848uS  -28.665kHz
  3  480uS    868uS  -30.208kHz
  4 1116uS    252uS  -33.826kHz
  5  476uS    876uS  -30.987kHz
  6 1132uS    244uS  -33.569kHz
  7  492uS    860uS  -29.472kHz
  8 1124uS    252uS  -33.585kHz
  9  452uS    892uS  -32.080kHz
 10  464uS    912uS  -32.328kHz
 11  440uS    912uS  -34.091kHz
 12 1052uS    320uS  -35.646kHz
 13  444uS    908uS  -33.784kHz
 14 1052uS    324uS  -35.646kHz
 15  444uS    904uS  -33.221kHz
 16 1048uS    328uS  -35.782kHz
 17  444uS    904uS  -33.221kHz
 18 1056uS    316uS  -35.511kHz
 19  452uS    900uS  -33.186kHz
 20 1048uS    324uS  -35.782kHz
 21  440uS    912uS  -34.659kHz
 22 1044uS    328uS  -35.920kHz
 23  448uS    900uS  -31.250kHz
 24  460uS    916uS  -33.696kHz
 25  468uS   8004uS  -32.051kHz
0005391.949528s ###  25 pulses
num high   low      freq
  1  472uS    884uS  -31.250kHz
  2  460uS    916uS  -32.065kHz
  3  448uS    900uS  -31.250kHz
  4 1072uS    304uS  -34.981kHz
  5  440uS    908uS  -34.659kHz
  6 1064uS    312uS  -35.244kHz
  7  436uS    916uS  -34.977kHz
  8 1056uS    316uS  -35.511kHz
  9  440uS    904uS  -32.386kHz
 10  456uS    924uS  -34.539kHz
 11  444uS    904uS  -33.221kHz
 12 1044uS    332uS  -35.920kHz
 13  444uS    904uS  -33.221kHz
 14 1044uS    332uS  -35.920kHz
 15  444uS    904uS  -33.221kHz
 16 1048uS    328uS  -35.782kHz
 17  440uS    908uS  -33.523kHz
 18 1060uS    312uS  -35.377kHz
 19  444uS    904uS  -33.784kHz
 20 1064uS    312uS  -35.479kHz
 21  436uS    912uS  -32.683kHz
 22 1068uS    304uS  -35.346kHz
 23  444uS    904uS  -32.658kHz
 24  456uS    920uS  -32.895kHz
 25  444uS   8004uS  -33.784kHz
0005391.992344s ###  25 pulses
num high   low      freq
  1  460uS    896uS  -33.152kHz
  2  472uS    904uS  -32.839kHz
  3  476uS    872uS  -30.987kHz
  4 1052uS    324uS  -36.359kHz
  5  476uS    872uS  -31.513kHz
  6 1048uS    328uS  -36.498kHz
  7  460uS    892uS  -32.065kHz
  8 1040uS    332uS  -36.779kHz
  9  456uS    888uS  -32.346kHz
 10  464uS    912uS  -33.405kHz
 11  464uS    888uS  -32.328kHz
 12 1040uS    332uS  -35.817kHz
 13  460uS    892uS  -32.065kHz
 14 1040uS    332uS  -35.817kHz
 15  444uS    904uS  -33.221kHz
 16 1052uS    320uS  -35.646kHz
 17  440uS    912uS  -34.659kHz
 18 1060uS    316uS  -35.377kHz
 19  436uS    912uS  -32.683kHz
 20 1060uS    316uS  -35.613kHz
 21  436uS    912uS  -32.683kHz
 22 1072uS    296uS  -35.215kHz
 23  452uS    900uS  -32.633kHz
 24  456uS    920uS  -32.895kHz
 25  436uS   8004uS  -33.257kHz
0005392.035160s ###  25 pulses
num high   low      freq
  1  444uS    904uS  -32.658kHz
  2  460uS    920uS  -32.609kHz
  3  436uS    916uS  -34.977kHz
  4 1056uS    316uS  -35.511kHz
  5  440uS    908uS  -32.386kHz
  6 1076uS    304uS  -35.084kHz
  7  436uS    908uS  -32.683kHz
  8 1076uS    300uS  -35.084kHz
  9  440uS    904uS  -32.955kHz
 10  456uS    920uS  -32.895kHz
 11  436uS    912uS  -33.257kHz
 12 1032uS    344uS  -35.853kHz
 13  432uS    920uS  -34.144kHz
 14 1036uS    336uS  -36.197kHz
 15  440uS    904uS  -32.955kHz
 16 1032uS    348uS  -36.095kHz
 17  424uS    920uS  -34.788kHz
 18 1044uS    332uS  -36.159kHz
 19  440uS    912uS  -32.955kHz
 20 1024uS    348uS  -36.133kHz
 21  428uS    920uS  -34.463kHz
 22 1040uS    328uS  -36.058kHz
 23  444uS    908uS  -35.473kHz
 24  448uS    928uS  -33.482kHz
 25  440uS   8004uS  -33.523kHz
0005392.077968s ###  25 pulses
num high   low      freq
  1  444uS    904uS  -33.221kHz
  2  448uS    928uS  -34.598kHz
  3  432uS    920uS  -34.144kHz
  4 1044uS    328uS  -35.920kHz
  5  440uS    908uS  -32.955kHz
  6 1036uS    340uS  -36.680kHz
  7  436uS    912uS  -33.830kHz
  8 1044uS    332uS  -36.877kHz
  9  436uS    908uS  -33.257kHz
 10  456uS    924uS  -33.443kHz
 11  436uS    912uS  -33.257kHz
 12 1032uS    344uS  -36.822kHz
 13  432uS    916uS  -34.144kHz
 14 1036uS    332uS  -36.197kHz
 15  444uS    904uS  -33.221kHz
 16 1036uS    340uS  -35.956kHz
 17  428uS    920uS  -33.294kHz
 18 1040uS    336uS  -36.298kHz
 19  440uS    908uS  -33.523kHz
 20 1032