0006619.597028s ###  25 pulses
num high   low      freq
  1  428uS    920uS  -36.799kHz
  2 1024uS    356uS  -37.354kHz
  3  424uS    924uS  -36.557kHz
  4  440uS    936uS  -36.932kHz
  5  424uS    932uS  -37.146kHz
  6 1016uS    356uS  -37.648kHz
  7  424uS    924uS  -36.557kHz
  8 1020uS    352uS  -37.745kHz
  9  428uS    924uS  -36.215kHz
 10 1020uS    352uS  -37.745kHz
 11  424uS    928uS  -41.274kHz
 12 1020uS    356uS  -37.745kHz
 13  424uS    920uS  -36.557kHz
 14  440uS    940uS  -36.932kHz
 15  420uS    928uS  -36.905kHz
 16 1020uS    352uS  -36.765kHz
 17  428uS    924uS  -36.215kHz
 18 1024uS    352uS  -36.621kHz
 19  424uS    928uS  -36.557kHz
 20 1020uS    352uS  -37.745kHz
 21  424uS    924uS  -36.557kHz
 22 1020uS    348uS  -37.500kHz
 23  428uS    928uS  -36.799kHz
 24  440uS    936uS  -34.091kHz
 25  424uS   8004uS  -36.557kHz
0006619.639856s ###  25 pulses
num high   low      freq
  1  424uS    920uS  -36.557kHz
  2 1024uS    352uS  -37.842kHz
  3  428uS    924uS  -33.879kHz
  4  436uS    944uS  -36.697kHz
  5  424uS    920uS  -36.557kHz
  6 1020uS    352uS  -37.500kHz
  7  424uS    928uS  -36.557kHz
  8 1020uS    352uS  -37.745kHz
  9  424uS    928uS  -37.146kHz
 10 1020uS    356uS  -39.706kHz
 11  424uS    924uS  -36.557kHz
 12 1020uS    356uS  -37.745kHz
 13  424uS    920uS  -36.557kHz
 14  436uS    940uS  -37.271kHz
 15  424uS    924uS  -37.146kHz
 16 1024uS    356uS  -37.598kHz
 17  420uS    924uS  -41.071kHz
 18 1024uS    356uS  -37.598kHz
 19  424uS    920uS  -36.557kHz
 20 1020uS    352uS  -38.971kHz
 21  424uS    928uS  -34.788kHz
 22 1020uS    352uS  -37.745kHz
 23  428uS    924uS  -36.215kHz
 24  436uS    944uS  -37.271kHz
 25  420uS   8004uS  -36.905kHz
0006619.682668s ###  25 pulses
num high   low      freq
  1  428uS    920uS  -36.799kHz
  2 1024uS    356uS  -37.598kHz
  3  420uS    928uS  -34.524kHz
  4  436uS    936uS  -36.124kHz
  5  428uS    920uS  -36.799kHz
  6 1020uS    356uS  -37.010kHz
  7  424uS    924uS  -36.557kHz
  8 1020uS    352uS  -36.765kHz
  9  424uS    928uS  -34.198kHz
 10 1020uS    352uS  -39.951kHz
 11  424uS    924uS  -37.146kHz
 12 1024uS    352uS  -37.598kHz
 13  428uS    916uS  -36.215kHz
 14  440uS    940uS  -36.932kHz
 15  424uS    924uS  -36.557kHz
 16 1024uS    352uS  -37.598kHz
 17  424uS    924uS  -36.557kHz
 18 1020uS    352uS  -37.500kHz
 19  428uS    920uS  -36.799kHz
 20 1020uS    356uS  -39.951kHz
 21  420uS    928uS  -36.905kHz
 22 1020uS    348uS  -37.500kHz
 23  428uS    928uS  -36.799kHz
 24  436uS    940uS  -38.417kHz
 25  424uS   8004uS  -36.557kHz
0006619.725468s ###  25 pulses
num high   low      freq
  1  428uS    928uS  -36.799kHz
  2 1020uS    356uS  -37.745kHz
  3  424uS    924uS  -36.557kHz
  4  440uS    932uS  -34.091kHz
  5  428uS    920uS  -36.799kHz
  6 1020uS    356uS  -37.745kHz
  7  424uS    924uS  -36.557kHz
  8 1020uS    352uS  -37.745kHz
  9  428uS    924uS  -36.215kHz
 10 1020uS    352uS  -37.745kHz
 11  424uS    928uS  -36.557kHz
 12 1020uS    352uS  -37.745kHz
 13  424uS    920uS  -36.557kHz
 14  440uS    940uS  -36.932kHz
 15  424uS    924uS  -34.198kHz
 16 1020uS    352uS  -37.745kHz
 17  424uS    924uS  -36.557kHz
 18 1016uS    356uS  -37.648kHz
 19  428uS    920uS  -36.799kHz
 20 1020uS    352uS  -37.745kHz
 21  424uS    928uS  -36.557kHz
 22 1020uS    348uS  -37.500kHz
 23  428uS    928uS  -36.799kHz
 24  436uS    936uS  -36.124kHz
 25  424uS   8004uS  -36.557kHz
0006619.768268s ###  25 pulses
num high   low      freq
  1  424uS    928uS  -34.788kHz
  2 1020uS    356uS  -37.745kHz
  3  424uS    924uS  -35.967kHz
  4  436uS    936uS  -36.697kHz
  5  428uS    920uS  -36.215kHz
  6 1020uS    352uS  -39.461kHz
  7  424uS    924uS  -36.557kHz
  8 1024uS    352uS  -37.598kHz
  9  424uS    928uS  -36.557kHz
 10 1020uS    348uS  -37.745kHz
 11  428uS    920uS  -36.799kHz
 12 1020uS    356uS  -37.990kHz
 13  428uS    920uS  -36.799kHz
 14  440uS    936uS  -36.364kHz
 15  424uS    928uS  -37.146kHz
 16 1020uS    352uS  -37.745kHz
 17  424uS    924uS  -36.557kHz
 18 1016uS    356uS  -37.648kHz
 19  428uS    916uS  -36.215kHz
 20 1024