0006518.950028s ###  25 pulses
num high   low      freq
  1  492uS    856uS  -28.963kHz
  2 1140uS    236uS  -33.114kHz
  3  468uS    884uS  -32.051kHz
  4  552uS    824uS  -28.080kHz
  5  560uS    792uS  -26.339kHz
  6 1172uS    204uS  -32.423kHz
  7  528uS    816uS  -27.462kHz
  8 1164uS    216uS  -32.646kHz
  9  512uS    832uS  -28.320kHz
 10  472uS    908uS  -31.780kHz
 11  452uS    896uS  -33.186kHz
 12 1104uS    268uS  -33.967kHz
 13  460uS    888uS  -32.609kHz
 14 1096uS    280uS  -34.443kHz
 15  444uS    904uS  -34.347kHz
 16 1068uS    308uS  -35.112kHz
 17  448uS    900uS  -33.482kHz
 18 1064uS    316uS  -35.244kHz
 19  448uS    896uS  -32.924kHz
 20 1056uS    320uS  -35.511kHz
 21  452uS    896uS  -32.633kHz
 22 1056uS    312uS  -35.511kHz
 23  452uS    904uS  -33.186kHz
 24  480uS    896uS  -31.771kHz
 25  488uS   8004uS  -30.225kHz
0006518.992848s ###  25 pulses
num high   low      freq
  1  456uS    892uS  -33.991kHz
  2 1120uS    260uS  -33.705kHz
  3  444uS    904uS  -32.095kHz
  4  464uS    916uS  -33.405kHz
  5  484uS    860uS  -30.475kHz
  6 1052uS    324uS  -35.646kHz
  7  444uS    904uS  -33.221kHz
  8 1044uS    332uS  -35.920kHz
  9  448uS    900uS  -32.924kHz
 10  488uS    888uS  -31.762kHz
 11  480uS    872uS  -30.729kHz
 12 1040uS    328uS  -36.538kHz
 13  484uS    864uS  -30.992kHz
 14 1044uS    332uS  -36.638kHz
 15  456uS    892uS  -32.346kHz
 16 1040uS    336uS  -36.779kHz
 17  456uS    896uS  -32.346kHz
 18 1036uS    336uS  -35.956kHz
 19  452uS    892uS  -32.633kHz
 20 1044uS    332uS  -35.920kHz
 21  436uS    912uS  -34.977kHz
 22 1044uS    328uS  -35.920kHz
 23  436uS    920uS  -34.977kHz
 24  452uS    920uS  -33.739kHz
 25  448uS   8004uS  -32.924kHz
0006519.035664s ###  25 pulses
num high   low      freq
  1  488uS    856uS  -30.225kHz
  2 1068uS    312uS  -35.581kHz
  3  480uS    868uS  -30.729kHz
  4  472uS    900uS  -32.309kHz
  5  452uS    900uS  -32.633kHz
  6 1072uS    300uS  -35.215kHz
  7  464uS    888uS  -31.789kHz
  8 1052uS    320uS  -35.884kHz
  9  468uS    884uS  -31.517kHz
 10  464uS    912uS  -32.866kHz
 11  440uS    908uS  -32.955kHz
 12 1052uS    320uS  -35.884kHz
 13  456uS    892uS  -32.346kHz
 14 1044uS    332uS  -36.398kHz
 15  456uS    892uS  -31.798kHz
 16 1044uS    336uS  -36.398kHz
 17  448uS    896uS  -32.366kHz
 18 1036uS    336uS  -35.956kHz
 19  444uS    904uS  -33.221kHz
 20 1044uS    332uS  -35.920kHz
 21  428uS    916uS  -33.294kHz
 22 1052uS    324uS  -35.884kHz
 23  440uS    912uS  -32.955kHz
 24  452uS    924uS  -33.186kHz
 25  444uS   8004uS  -34.910kHz
0006519.078468s ###  25 pulses
num high   low      freq
  1  468uS    888uS  -31.517kHz
  2 1036uS    336uS  -35.714kHz
  3  436uS    916uS  -33.830kHz
  4  448uS    920uS  -32.366kHz
  5  444uS    908uS  -33.784kHz
  6 1056uS    316uS  -35.748kHz
  7  452uS    896uS  -32.633kHz
  8 1040uS    336uS  -35.817kHz
  9  432uS    916uS  -32.986kHz
 10  448uS    932uS  -32.924kHz
 11  432uS    916uS  -32.407kHz
 12 1036uS    336uS  -36.197kHz
 13  456uS    892uS  -32.346kHz
 14 1040uS    332uS  -35.817kHz
 15  440uS    912uS  -32.386kHz
 16 1040uS    332uS  -36.058kHz
 17  444uS    908uS  -33.221kHz
 18 1040uS    328uS  -35.817kHz
 19  440uS    908uS  -32.955kHz
 20 1032uS    340uS  -35.853kHz
 21  436uS    916uS  -33.830kHz
 22 1052uS    316uS  -35.646kHz
 23  452uS    904uS  -32.633kHz
 24  456uS    920uS  -32.895kHz
 25  440uS   8004uS  -32.955kHz
0006519.121272s ###  25 pulses
num high   low      freq
  1  444uS    908uS  -33.221kHz
  2 1048uS    328uS  -35.782kHz
  3  436uS    912uS  -32.683kHz
  4  452uS    920uS  -33.186kHz
  5  440uS    908uS  -32.955kHz
  6 1032uS    344uS  -35.853kHz
  7  432uS    916uS  -34.144kHz
  8 1052uS    324uS  -35.646kHz
  9  444uS    904uS  -32.658kHz
 10  456uS    916uS  -32.895kHz
 11  448uS    900uS  -32.924kHz
 12 1040uS    336uS  -35.817kHz
 13  432uS    916uS  -32.986kHz
 14 1036uS    340uS  -36.197kHz
 15  436uS    912uS  -33.257kHz
 16 1040uS    336uS  -35.817kHz
 17  432uS    912uS  -32.986kHz
 18 1028uS    344uS  -35.992kHz
 19  440uS    908uS  -33.523kHz
 20 1044