0005415.192608s ###  25 pulses
num high   low      freq
  1  600uS    752uS  -25.417kHz
  2  620uS    756uS  -25.000kHz
  3  620uS    728uS  -22.581kHz
  4 1300uS     72uS  -28.846kHz
  5  632uS    720uS  -22.943kHz
  6 1240uS    136uS  -30.645kHz
  7  660uS    688uS  -21.970kHz
  8 1240uS    132uS  -30.040kHz
  9  556uS    792uS  -25.629kHz
 10 1268uS    108uS  -29.771kHz
 11  652uS    700uS  -22.239kHz
 12  644uS    732uS  -23.292kHz
 13  600uS    748uS  -24.167kHz
 14 1184uS    192uS  -31.883kHz
 15  592uS    760uS  -24.493kHz
 16 1240uS    124uS  -30.040kHz
 17  536uS    816uS  -27.052kHz
 18 1172uS    204uS  -31.357kHz
 19  604uS    744uS  -24.007kHz
 20 1192uS    180uS  -31.250kHz
 21  516uS    832uS  -27.616kHz
 22 1180uS    192uS  -31.780kHz
 23 1144uS    208uS  -32.343kHz
 24 1212uS    160uS  -31.147kHz
 25  604uS   8004uS  -24.421kHz
0005415.235416s ###  25 pulses
num high   low      freq
  1  644uS    704uS  -22.904kHz
  2  648uS    732uS  -23.534kHz
  3  628uS    724uS  -23.089kHz
  4 1148uS    224uS  -32.230kHz
  5  544uS    804uS  -25.276kHz
  6 1228uS    144uS  -30.537kHz
  7  580uS    772uS  -25.000kHz
  8 1132uS    240uS  -32.686kHz
  9  500uS    848uS  -29.500kHz
 10 1220uS    156uS  -30.738kHz
 11  572uS    776uS  -25.350kHz
 12  568uS    808uS  -26.408kHz
 13  544uS    804uS  -26.654kHz
 14 1112uS    260uS  -33.273kHz
 15  536uS    816uS  -27.519kHz
 16 1200uS    172uS  -31.250kHz
 17  556uS    792uS  -26.079kHz
 18 1100uS    276uS  -33.636kHz
 19  492uS    856uS  -29.980kHz
 20 1176uS    196uS  -31.888kHz
 21  540uS    808uS  -26.852kHz
 22 1108uS    264uS  -33.619kHz
 23 1164uS    188uS  -32.002kHz
 24 1080uS    292uS  -34.259kHz
 25  456uS   8004uS  -30.702kHz
0005415.278224s ###  25 pulses
num high   low      freq
  1  536uS    808uS  -26.586kHz
  2  532uS    848uS  -28.195kHz
  3  492uS    856uS  -28.963kHz
  4 1104uS    264uS  -34.194kHz
  5  572uS    780uS  -25.787kHz
  6 1180uS    192uS  -31.780kHz
  7  540uS    808uS  -26.852kHz
  8 1108uS    268uS  -33.394kHz
  9  476uS    872uS  -28.887kHz
 10 1180uS    196uS  -31.780kHz
 11  528uS    820uS  -27.462kHz
 12  532uS    840uS  -28.195kHz
 13  536uS    816uS  -27.519kHz
 14 1088uS    284uS  -34.237kHz
 15  460uS    888uS  -30.978kHz
 16 1160uS    220uS  -32.543kHz
 17  532uS    816uS  -27.256kHz
 18 1112uS    256uS  -33.498kHz
 19  456uS    892uS  -31.250kHz
 20 1092uS    284uS  -34.570kHz
 21  492uS    856uS  -29.472kHz
 22 1128uS    244uS  -33.245kHz
 23 1076uS    276uS  -34.619kHz
 24 1136uS    232uS  -32.790kHz
 25  480uS   8004uS  -30.208kHz
0005415.321012s ###  25 pulses
num high   low      freq
  1  548uS    808uS  -26.916kHz
  2  536uS    836uS  -28.451kHz
  3  524uS    824uS  -28.149kHz
  4 1164uS    208uS  -32.216kHz
  5  528uS    824uS  -27.462kHz
  6 1064uS    308uS  -34.774kHz
  7  464uS    884uS  -29.634kHz
  8 1160uS    216uS  -32.328kHz
  9  520uS    828uS  -27.885kHz
 10 1064uS    312uS  -34.774kHz
 11  468uS    876uS  -31.517kHz
 12  468uS    908uS  -31.517kHz
 13  452uS    896uS  -31.527kHz
 14 1140uS    240uS  -33.114kHz
 15  516uS    828uS  -28.101kHz
 16 1104uS    268uS  -33.741kHz
 17  448uS    900uS  -31.808kHz
 18 1080uS    296uS  -34.722kHz
 19  488uS    856uS  -29.713kHz
 20 1108uS    272uS  -33.845kHz
 21  460uS    884uS  -30.978kHz
 22 1060uS    312uS  -35.613kHz
 23 1116uS    232uS  -33.154kHz
 24 1056uS    316uS  -35.038kHz
 25  472uS   8004uS  -31.250kHz
0005415.363804s ###  25 pulses
num high   low      freq
  1  500uS    852uS  -29.000kHz
  2  540uS    836uS  -27.778kHz
  3  516uS    832uS  -28.101kHz
  4 1068uS    308uS  -34.644kHz
  5  452uS    896uS  -32.633kHz
  6 1148uS    224uS  -32.666kHz
  7  508uS    844uS  -28.543kHz
  8 1060uS    312uS  -34.906kHz
  9  448uS    900uS  -30.692kHz
 10 1140uS    232uS  -33.114kHz
 11  520uS    828uS  -28.365kHz
 12  516uS    860uS  -29.554kHz
 13  512uS    840uS  -28.809kHz
 14 1104uS    268uS  -33.741kHz
 15  448uS    896uS  -31.808kHz
 16 1064uS    312uS  -35.479kHz
 17  456uS    892uS  -32.346kHz
 18 1116uS    256uS  -33.602kHz
 19  476uS    876uS  -30.462kHz
 20 1048