0005423.712392s ###  25 pulses
num high   low      freq
  1  448uS    904uS  -33.482kHz
  2  472uS    904uS  -32.839kHz
  3  464uS    884uS  -31.789kHz
  4 1044uS    332uS  -36.638kHz
  5  452uS    896uS  -32.633kHz
  6 1040uS    336uS  -36.779kHz
  7  452uS    896uS  -33.186kHz
  8 1036uS    336uS  -35.956kHz
  9  456uS    892uS  -32.895kHz
 10 1040uS    336uS  -36.058kHz
 11  440uS    908uS  -31.250kHz
 12  460uS    920uS  -33.696kHz
 13  452uS    896uS  -32.633kHz
 14 1040uS    336uS  -35.577kHz
 15  448uS    900uS  -32.924kHz
 16 1028uS    344uS  -36.235kHz
 17  448uS    900uS  -32.924kHz
 18 1036uS    340uS  -36.197kHz
 19  436uS    912uS  -33.830kHz
 20 1036uS    340uS  -36.197kHz
 21  432uS    916uS  -34.722kHz
 22 1040uS    328uS  -36.058kHz
 23  436uS    916uS  -33.257kHz
 24  448uS    932uS  -35.156kHz
 25  428uS   8004uS  -34.463kHz
0005423.755208s ###  25 pulses
num high   low      freq
  1  452uS    900uS  -33.186kHz
  2  464uS    908uS  -32.866kHz
  3  452uS    896uS  -32.633kHz
  4 1048uS    328uS  -36.260kHz
  5  460uS    888uS  -31.522kHz
  6 1040uS    336uS  -36.538kHz
  7  448uS    904uS  -33.482kHz
  8 1032uS    336uS  -36.095kHz
  9  444uS    908uS  -33.784kHz
 10 1036uS    336uS  -36.197kHz
 11  432uS    916uS  -32.986kHz
 12  448uS    928uS  -34.598kHz
 13  444uS    908uS  -33.221kHz
 14 1032uS    344uS  -36.337kHz
 15  428uS    920uS  -35.047kHz
 16 1044uS    324uS  -36.877kHz
 17  436uS    916uS  -35.550kHz
 18 1044uS    328uS  -36.159kHz
 19  436uS    912uS  -33.257kHz
 20 1052uS    324uS  -36.122kHz
 21  444uS    908uS  -33.221kHz
 22 1024uS    340uS  -37.109kHz
 23  440uS    912uS  -33.523kHz
 24  452uS    924uS  -34.292kHz
 25  440uS   8004uS  -33.523kHz
0005423.798012s ###  25 pulses
num high   low      freq
  1  448uS    904uS  -33.482kHz
  2  456uS    920uS  -32.895kHz
  3  440uS    908uS  -33.523kHz
  4 1032uS    344uS  -36.579kHz
  5  444uS    904uS  -32.658kHz
  6 1028uS    344uS  -35.992kHz
  7  436uS    912uS  -33.830kHz
  8 1036uS    336uS  -36.197kHz
  9  436uS    912uS  -34.404kHz
 10 1040uS    336uS  -37.260kHz
 11  432uS    916uS  -33.565kHz
 12  448uS    928uS  -33.482kHz
 13  428uS    920uS  -33.294kHz
 14 1040uS    336uS  -36.298kHz
 15  432uS    920uS  -33.565kHz
 16 1032uS    336uS  -36.579kHz
 17  436uS    912uS  -33.830kHz
 18 1032uS    348uS  -36.822kHz
 19  432uS    916uS  -33.565kHz
 20 1024uS    348uS  -36.377kHz
 21  432uS    916uS  -34.144kHz
 22 1028uS    340uS  -36.479kHz
 23  432uS    920uS  -33.565kHz
 24  444uS    932uS  -33.221kHz
 25  428uS   8004uS  -35.631kHz
0005423.840816s ###  25 pulses
num high   low      freq
  1  432uS    916uS  -33.565kHz
  2  448uS    932uS  -34.040kHz
  3  428uS    916uS  -33.879kHz
  4 1028uS    348uS  -36.235kHz
  5  424uS    924uS  -33.019kHz
  6 1032uS    344uS  -36.579kHz
  7  432uS    912uS  -33.565kHz
  8 1032uS    340uS  -36.095kHz
  9  432uS    920uS  -35.301kHz
 10 1024uS    348uS  -35.645kHz
 11  432uS    920uS  -33.565kHz
 12  440uS    932uS  -34.091kHz
 13  432uS    912uS  -33.565kHz
 14 1036uS    340uS  -37.162kHz
 15  432uS    916uS  -35.880kHz
 16 1028uS    348uS  -36.965kHz
 17  428uS    920uS  -36.799kHz
 18 1032uS    340uS  -36.337kHz
 19  432uS    920uS  -33.565kHz
 20 1024uS    348uS  -35.889kHz
 21  428uS    920uS  -34.463kHz
 22 1024uS    340uS  -36.377kHz
 23  440uS    916uS  -33.523kHz
 24  444uS    932uS  -34.347kHz
 25  428uS   8004uS  -33.879kHz
0005423.883608s ###  25 pulses
num high   low      freq
  1  428uS    924uS  -33.294kHz
  2  444uS    932uS  -33.221kHz
  3  428uS    916uS  -33.294kHz
  4 1032uS    344uS  -36.579kHz
  5  432uS    916uS  -33.565kHz
  6 1032uS    344uS  -36.337kHz
  7  428uS    920uS  -33.294kHz
  8 1024uS    344uS  -36.133kHz
  9  436uS    916uS  -33.830kHz
 10 1032uS    340uS  -36.337kHz
 11  436uS    916uS  -33.257kHz
 12  444uS    924uS  -33.784kHz
 13  440uS    912uS  -35.795kHz
 14 1028uS    344uS  -36.235kHz
 15  428uS    920uS  -33.294kHz
 16 1032uS    344uS  -36.337kHz
 17  432uS    916uS  -34.144kHz
 18 1028uS    344uS  -36.235kHz
 19  428uS    924uS  -33.294kHz
 20 1028