0006607.607636s ###  25 pulses
num high   low      freq
  1  424uS    932uS  -37.146kHz
  2 1016uS    360uS  -37.894kHz
  3  420uS    924uS  -36.905kHz
  4  436uS    944uS  -36.697kHz
  5  420uS    928uS  -36.905kHz
  6 1016uS    360uS  -37.894kHz
  7  420uS    932uS  -36.905kHz
  8 1012uS    356uS  -37.549kHz
  9  428uS    920uS  -36.799kHz
 10 1020uS    360uS  -37.745kHz
 11  420uS    928uS  -36.905kHz
 12 1020uS    356uS  -37.500kHz
 13  420uS    932uS  -36.310kHz
 14  432uS    944uS  -36.458kHz
 15  420uS    928uS  -36.905kHz
 16 1012uS    360uS  -37.796kHz
 17  424uS    924uS  -37.146kHz
 18 1020uS    356uS  -37.500kHz
 19  420uS    928uS  -36.905kHz
 20 1016uS    360uS  -37.894kHz
 21  420uS    928uS  -36.310kHz
 22 1016uS    356uS  -37.894kHz
 23 1008uS    344uS  -37.698kHz
 24 1016uS    356uS  -37.894kHz
 25  420uS   8004uS  -36.905kHz
0006607.650460s ###  25 pulses
num high   low      freq
  1  424uS    928uS  -36.557kHz
  2 1012uS    360uS  -38.043kHz
  3  420uS    928uS  -36.905kHz
  4  436uS    944uS  -36.697kHz
  5  416uS    932uS  -37.260kHz
  6 1012uS    356uS  -37.549kHz
  7  428uS    924uS  -34.463kHz
  8 1016uS    356uS  -37.894kHz
  9  424uS    928uS  -37.146kHz
 10 1016uS    360uS  -37.894kHz
 11  420uS    928uS  -36.310kHz
 12 1016uS    360uS  -37.648kHz
 13  420uS    928uS  -36.905kHz
 14  436uS    936uS  -34.404kHz
 15  424uS    924uS  -37.146kHz
 16 1020uS    360uS  -37.745kHz
 17  416uS    928uS  -34.856kHz
 18 1020uS    360uS  -36.765kHz
 19  420uS    928uS  -36.905kHz
 20 1012uS    356uS  -38.043kHz
 21  428uS    920uS  -36.799kHz
 22 1020uS    356uS  -37.745kHz
 23 1008uS    344uS  -37.698kHz
 24 1016uS    356uS  -36.663kHz
 25  420uS   8004uS  -36.310kHz
0006607.693268s ###  25 pulses
num high   low      freq
  1  424uS    924uS  -36.557kHz
  2 1020uS    356uS  -37.990kHz
  3  420uS    932uS  -36.905kHz
  4  432uS    940uS  -37.037kHz
  5  424uS    924uS  -36.557kHz
  6 1016uS    356uS  -37.894kHz
  7  424uS    928uS  -36.557kHz
  8 1016uS    356uS  -37.894kHz
  9  424uS    928uS  -36.557kHz
 10 1016uS    360uS  -37.894kHz
 11  416uS    928uS  -37.260kHz
 12 1020uS    360uS  -37.745kHz
 13  416uS    928uS  -37.260kHz
 14  432uS    944uS  -37.037kHz
 15  420uS    928uS  -34.524kHz
 16 1016uS    360uS  -37.894kHz
 17  420uS    928uS  -37.500kHz
 18 1016uS    356uS  -37.648kHz
 19  424uS    924uS  -37.146kHz
 20 1016uS    356uS  -37.894kHz
 21  424uS    928uS  -36.557kHz
 22 1016uS    356uS  -37.894kHz
 23 1004uS    344uS  -37.600kHz
 24 1012uS    356uS  -37.796kHz
 25  428uS   8004uS  -34.463kHz
0006607.736068s ###  25 pulses
num high   low      freq
  1  424uS    928uS  -36.557kHz
  2 1016uS    360uS  -37.894kHz
  3  420uS    924uS  -36.310kHz
  4  432uS    944uS  -36.458kHz
  5  420uS    928uS  -36.905kHz
  6 1016uS    360uS  -37.894kHz
  7  420uS    928uS  -36.905kHz
  8 1016uS    356uS  -37.894kHz
  9  424uS    928uS  -37.146kHz
 10 1016uS    356uS  -37.894kHz
 11  420uS    932uS  -36.905kHz
 12 1012uS    360uS  -36.808kHz
 13  416uS    932uS  -37.260kHz
 14  432uS    944uS  -36.458kHz
 15  420uS    928uS  -36.905kHz
 16 1012uS    360uS  -37.796kHz
 17  420uS    924uS  -36.905kHz
 18 1016uS    360uS  -37.894kHz
 19  420uS    928uS  -36.905kHz
 20 1020uS    356uS  -37.745kHz
 21  420uS    928uS  -34.524kHz
 22 1016uS    356uS  -37.894kHz
 23 1000uS    344uS  -37.750kHz
 24 1016uS    360uS  -37.648kHz
 25  424uS   8004uS  -36.557kHz
0006607.778860s ###  25 pulses
num high   low      freq
  1  424uS    928uS  -36.557kHz
  2 1012uS    360uS  -37.549kHz
  3  420uS    928uS  -36.905kHz
  4  436uS    940uS  -36.697kHz
  5  420uS    928uS  -37.500kHz
  6 1016uS    360uS  -37.894kHz
  7  420uS    928uS  -34.524kHz
  8 1016uS    360uS  -37.648kHz
  9  416uS    928uS  -37.260kHz
 10 1016uS    356uS  -36.909kHz
 11  420uS    932uS  -36.905kHz
 12 1016uS    360uS  -36.663kHz
 13  416uS    928uS  -37.260kHz
 14  436uS    940uS  -36.697kHz
 15  420uS    924uS  -36.905kHz
 16 1016uS    360uS  -36.909kHz
 17  420uS    928uS  -34.524kHz
 18 1016uS    356uS  -37.894kHz
 19  420uS    932uS  -36.905kHz
 20 1016