0005374.030232s ###  25 pulses
num high   low      freq
  1  716uS    632uS  -20.950kHz
  2  684uS    692uS  -22.295kHz
  3  696uS    656uS  -21.193kHz
  4 1236uS    140uS  -30.138kHz
  5  572uS    776uS  -26.224kHz
  6 1292uS     84uS  -29.025kHz
  7  636uS    708uS  -22.799kHz
  8 1200uS    176uS  -31.667kHz
  9  648uS    704uS  -22.762kHz
 10  656uS    720uS  -22.866kHz
 11  656uS    692uS  -22.485kHz
 12 1180uS    196uS  -31.568kHz
 13  536uS    812uS  -25.653kHz
 14 1244uS    128uS  -30.145kHz
 15  624uS    728uS  -23.237kHz
 16 1148uS    224uS  -32.230kHz
 17  536uS    812uS  -27.985kHz
 18 1248uS    128uS  -30.048kHz
 19  576uS    772uS  -24.740kHz
 20 1180uS    196uS  -31.144kHz
 21  592uS    756uS  -24.916kHz
 22 1200uS    168uS  -31.042kHz
 23 1184uS    168uS  -31.461kHz
 24 1164uS    208uS  -32.002kHz
 25  512uS   8004uS  -27.832kHz
0005374.073044s ###  25 pulses
num high   low      freq
  1  564uS    784uS  -24.823kHz
  2  592uS    788uS  -26.182kHz
  3  584uS    768uS  -25.257kHz
  4 1220uS    152uS  -30.533kHz
  5  528uS    816uS  -26.989kHz
  6 1164uS    212uS  -32.431kHz
  7  584uS    764uS  -24.829kHz
  8 1208uS    168uS  -31.043kHz
  9  520uS    828uS  -27.404kHz
 10  528uS    848uS  -27.936kHz
 11  504uS    848uS  -28.274kHz
 12 1156uS    212uS  -32.439kHz
 13  604uS    748uS  -24.421kHz
 14 1172uS    200uS  -31.783kHz
 15  500uS    848uS  -28.500kHz
 16 1172uS    204uS  -31.997kHz
 17  576uS    772uS  -25.608kHz
 18 1140uS    236uS  -32.675kHz
 19  476uS    872uS  -29.937kHz
 20 1132uS    240uS  -33.127kHz
 21  548uS    804uS  -26.460kHz
 22 1144uS    224uS  -32.561kHz
 23 1148uS    204uS  -32.448kHz
 24 1156uS    212uS  -32.223kHz
 25  484uS   8004uS  -29.959kHz
0005374.115852s ###  25 pulses
num high   low      freq
  1  528uS    824uS  -26.989kHz
  2  512uS    860uS  -28.809kHz
  3  484uS    868uS  -29.442kHz
  4 1168uS    204uS  -32.320kHz
  5  580uS    768uS  -25.431kHz
  6 1120uS    256uS  -33.259kHz
  7  476uS    872uS  -29.937kHz
  8 1188uS    188uS  -31.776kHz
  9  560uS    792uS  -25.893kHz
 10  572uS    796uS  -26.224kHz
 11  548uS    800uS  -26.916kHz
 12 1104uS    272uS  -33.741kHz
 13  460uS    888uS  -30.978kHz
 14 1180uS    196uS  -31.992kHz
 15  548uS    804uS  -26.460kHz
 16 1080uS    288uS  -34.259kHz
 17  484uS    864uS  -30.992kHz
 18 1164uS    212uS  -32.431kHz
 19  540uS    808uS  -26.852kHz
 20 1080uS    296uS  -34.491kHz
 21  456uS    892uS  -32.346kHz
 22 1164uS    208uS  -32.216kHz
 23 1060uS    284uS  -34.434kHz
 24 1160uS    216uS  -32.543kHz
 25  512uS   8004uS  -28.320kHz
0005374.158652s ###  25 pulses
num high   low      freq
  1  592uS    756uS  -24.916kHz
  2  576uS    804uS  -26.476kHz
  3  560uS    788uS  -26.339kHz
  4 1104uS    272uS  -33.741kHz
  5  460uS    888uS  -30.435kHz
  6 1180uS    196uS  -31.992kHz
  7  548uS    800uS  -26.460kHz
  8 1084uS    292uS  -34.133kHz
  9  472uS    872uS  -31.250kHz
 10  476uS    904uS  -30.987kHz
 11  452uS    892uS  -30.973kHz
 12 1160uS    216uS  -32.543kHz
 13  536uS    816uS  -27.052kHz
 14 1080uS    288uS  -34.259kHz
 15  464uS    884uS  -30.172kHz
 16 1148uS    228uS  -32.883kHz
 17  532uS    816uS  -27.726kHz
 18 1076uS    296uS  -34.619kHz
 19  448uS    900uS  -31.808kHz
 20 1148uS    228uS  -32.883kHz
 21  528uS    820uS  -27.936kHz
 22 1072uS    300uS  -34.748kHz
 23 1104uS    244uS  -33.514kHz
 24 1080uS    292uS  -34.491kHz
 25  456uS   8004uS  -31.250kHz
0005374.201456s ###  25 pulses
num high   low      freq
  1  536uS    812uS  -27.052kHz
  2  540uS    836uS  -27.778kHz
  3  516uS    832uS  -28.101kHz
  4 1092uS    284uS  -34.799kHz
  5  492uS    856uS  -29.980kHz
  6 1156uS    216uS  -32.439kHz
  7  512uS    840uS  -28.320kHz
  8 1072uS    296uS  -34.515kHz
  9  460uS    892uS  -32.609kHz
 10  468uS    908uS  -30.983kHz
 11  464uS    884uS  -31.789kHz
 12 1148uS    220uS  -32.666kHz
 13  524uS    824uS  -28.149kHz
 14 1088uS    288uS  -34.237kHz
 15  452uS    896uS  -31.527kHz
 16 1136uS    240uS  -33.011kHz
 17  528uS    820uS  -27.936kHz
 18 1084uS    288uS  -34.363kHz
 19  456uS    892uS  -31.250kHz
 20 1132