0005461.408216s ###  25 pulses
num high   low      freq
  1  576uS    776uS  -25.174kHz
  2  564uS    812uS  -26.152kHz
  3  528uS    820uS  -28.883kHz
  4 1264uS    112uS  -29.866kHz
  5  632uS    720uS  -22.943kHz
  6 1164uS    208uS  -32.646kHz
  7  568uS    784uS  -25.968kHz
  8 1240uS    128uS  -30.040kHz
  9  520uS    828uS  -27.885kHz
 10 1196uS    180uS  -31.564kHz
 11  616uS    736uS  -23.539kHz
 12 1144uS    232uS  -32.561kHz
 13  492uS    860uS  -30.488kHz
 14  524uS    848uS  -29.580kHz
 15  512uS    836uS  -26.855kHz
 16 1212uS    160uS  -30.941kHz
 17  548uS    804uS  -26.460kHz
 18 1116uS    256uS  -34.050kHz
 19  508uS    840uS  -29.035kHz
 20 1192uS    184uS  -31.460kHz
 21  524uS    828uS  -27.195kHz
 22 1112uS    252uS  -33.723kHz
 23  544uS    808uS  -27.114kHz
 24  544uS    836uS  -28.033kHz
 25  532uS   8004uS  -27.256kHz
0005461.451024s ###  25 pulses
num high   low      freq
  1  528uS    828uS  -28.883kHz
  2  544uS    828uS  -28.493kHz
  3  528uS    820uS  -28.409kHz
  4 1220uS    156uS  -30.943kHz
  5  560uS    788uS  -25.893kHz
  6 1132uS    244uS  -33.348kHz
  7  536uS    812uS  -27.519kHz
  8 1196uS    176uS  -31.355kHz
  9  520uS    828uS  -27.885kHz
 10 1096uS    276uS  -34.672kHz
 11  496uS    852uS  -29.738kHz
 12 1180uS    196uS  -31.780kHz
 13  504uS    844uS  -28.770kHz
 14  512uS    868uS  -29.297kHz
 15  488uS    860uS  -29.201kHz
 16 1076uS    292uS  -35.316kHz
 17  532uS    816uS  -27.726kHz
 18 1164uS    212uS  -32.216kHz
 19  500uS    848uS  -29.000kHz
 20 1100uS    280uS  -34.318kHz
 21  508uS    836uS  -28.543kHz
 22 1152uS    212uS  -32.552kHz
 23  524uS    832uS  -28.149kHz
 24  512uS    864uS  -29.297kHz
 25  508uS   8004uS  -28.543kHz
0005461.493824s ###  25 pulses
num high   low      freq
  1  536uS    816uS  -27.519kHz
  2  488uS    884uS  -31.762kHz
  3  476uS    872uS  -29.412kHz
  4 1176uS    200uS  -31.888kHz
  5  524uS    824uS  -27.672kHz
  6 1092uS    284uS  -34.799kHz
  7  496uS    852uS  -29.738kHz
  8 1156uS    212uS  -32.439kHz
  9  496uS    856uS  -29.234kHz
 10 1064uS    308uS  -34.774kHz
 11  456uS    896uS  -32.895kHz
 12 1148uS    224uS  -32.666kHz
 13  512uS    836uS  -28.320kHz
 14  508uS    868uS  -29.528kHz
 15  512uS    836uS  -28.320kHz
 16 1056uS    320uS  -35.038kHz
 17  440uS    904uS  -31.818kHz
 18 1136uS    240uS  -33.231kHz
 19  516uS    828uS  -28.101kHz
 20 1060uS    316uS  -35.142kHz
 21  444uS    904uS  -32.095kHz
 22 1084uS    284uS  -33.672kHz
 23  504uS    848uS  -29.266kHz
 24  504uS    872uS  -30.258kHz
 25  472uS   8004uS  -30.720kHz
0005461.536616s ###  25 pulses
num high   low      freq
  1  504uS    844uS  -28.770kHz
  2  512uS    864uS  -29.297kHz
  3  496uS    852uS  -29.234kHz
  4 1064uS    308uS  -35.479kHz
  5  464uS    888uS  -31.789kHz
  6 1144uS    228uS  -32.780kHz
  7  484uS    864uS  -29.959kHz
  8 1072uS    300uS  -34.515kHz
  9  456uS    892uS  -32.895kHz
 10 1104uS    268uS  -34.194kHz
 11  496uS    852uS  -29.738kHz
 12 1076uS    300uS  -34.619kHz
 13  444uS    900uS  -32.095kHz
 14  472uS    904uS  -31.780kHz
 15  460uS    888uS  -31.522kHz
 16 1056uS    320uS  -35.748kHz
 17  456uS    892uS  -32.346kHz
 18 1084uS    288uS  -34.594kHz
 19  456uS    892uS  -31.798kHz
 20 1048uS    328uS  -36.260kHz
 21  444uS    904uS  -33.221kHz
 22 1072uS    296uS  -34.981kHz
 23  480uS    868uS  -30.729kHz
 24  480uS    896uS  -31.771kHz
 25  468uS   8004uS  -30.983kHz
0005461.579400s ###  25 pulses
num high   low      freq
  1  492uS    856uS  -29.472kHz
  2  496uS    880uS  -30.242kHz
  3  484uS    864uS  -29.959kHz
  4 1048uS    324uS  -35.544kHz
  5  440uS    908uS  -34.659kHz
  6 1100uS    276uS  -34.318kHz
  7  484uS    864uS  -30.475kHz
  8 1084uS    284uS  -34.363kHz
  9  448uS    900uS  -32.366kHz
 10 1052uS    324uS  -35.884kHz
 11  452uS    896uS  -32.633kHz
 12 1084uS    292uS  -34.594kHz
 13  456uS    884uS  -31.798kHz
 14  480uS    896uS  -31.771kHz
 15  468uS    884uS  -30.983kHz
 16 1056uS    316uS  -35.275kHz
 17  440uS    908uS  -32.386kHz
 18 1048uS    324uS  -35.067kHz
 19  444uS    904uS  -33.221kHz
 20 1076