0006540.353968s ###  25 pulses
num high   low      freq
  1  784uS    572uS  -19.133kHz
  2 1360uS     12uS  -27.390kHz
  3  692uS    660uS  -20.592kHz
  4  700uS    672uS  -22.500kHz
  5  680uS    668uS  -20.956kHz
  6 1364uS     12uS  -27.676kHz
  7  772uS    580uS  -19.106kHz
  8 1300uS     72uS  -28.462kHz
  9  696uS    652uS  -21.193kHz
 10  672uS    704uS  -21.949kHz
 11  656uS    692uS  -21.341kHz
 12 1364uS     12uS  -27.493kHz
 13  728uS    620uS  -19.918kHz
 14 1272uS    104uS  -29.874kHz
 15  664uS    684uS  -22.214kHz
 16 1336uS     40uS  -28.069kHz
 17  676uS    672uS  -21.450kHz
 18 1248uS    124uS  -29.647kHz
 19  676uS    672uS  -21.820kHz
 20 1332uS     40uS  -28.153kHz
 21  704uS    648uS  -20.597kHz
 22 1244uS    128uS  -30.547kHz
 23 1304uS     40uS  -28.374kHz
 24 1244uS    132uS  -29.944kHz
 25  604uS   8004uS  -23.179kHz
0006540.396776s ###  25 pulses
num high   low      freq
  1  656uS    696uS  -23.247kHz
  2 1348uS     28uS  -27.819kHz
  3  704uS    640uS  -20.597kHz
  4  732uS    648uS  -20.833kHz
  5  708uS    640uS  -20.480kHz
  6 1240uS    132uS  -29.839kHz
  7  620uS    732uS  -24.194kHz
  8 1296uS     72uS  -28.742kHz
  9  708uS    640uS  -20.833kHz
 10  712uS    668uS  -21.419kHz
 11  688uS    660uS  -21.076kHz
 12 1236uS    136uS  -30.138kHz
 13  592uS    756uS  -24.071kHz
 14 1296uS     80uS  -28.935kHz
 15  688uS    660uS  -21.439kHz
 16 1272uS    100uS  -29.285kHz
 17  588uS    760uS  -24.235kHz
 18 1212uS    160uS  -30.528kHz
 19  652uS    700uS  -22.623kHz
 20 1264uS    112uS  -29.668kHz
 21  620uS    728uS  -22.984kHz
 22 1192uS    172uS  -31.040kHz
 23 1268uS     84uS  -29.377kHz
 24 1184uS    192uS  -31.250kHz
 25  552uS   8004uS  -25.362kHz
0006540.439572s ###  25 pulses
num high   low      freq
  1  620uS    732uS  -23.387kHz
  2 1244uS    132uS  -30.346kHz
  3  664uS    684uS  -22.214kHz
  4  668uS    708uS  -22.455kHz
  5  660uS    692uS  -22.348kHz
  6 1284uS     80uS  -29.011kHz
  7  636uS    716uS  -22.799kHz
  8 1200uS    172uS  -30.833kHz
  9  568uS    780uS  -24.648kHz
 10  588uS    792uS  -25.085kHz
 11  544uS    804uS  -25.735kHz
 12 1260uS    112uS  -29.960kHz
 13  660uS    688uS  -22.348kHz
 14 1244uS    128uS  -29.944kHz
 15  572uS    776uS  -25.350kHz
 16 1180uS    196uS  -31.992kHz
 17  588uS    760uS  -25.085kHz
 18 1256uS    116uS  -29.857kHz
 19  624uS    728uS  -23.237kHz
 20 1192uS    176uS  -31.040kHz
 21  552uS    796uS  -27.174kHz
 22 1196uS    176uS  -31.355kHz
 23 1200uS    152uS  -30.833kHz
 24 1200uS    172uS  -30.417kHz
 25  588uS   8004uS  -25.085kHz
0006540.482368s ###  25 pulses
num high   low      freq
  1  580uS    768uS  -24.569kHz
  2 1260uS    116uS  -29.960kHz
  3  656uS    692uS  -22.485kHz
  4  672uS    700uS  -22.693kHz
  5  660uS    688uS  -22.727kHz
  6 1264uS    112uS  -29.668kHz
  7  636uS    712uS  -22.799kHz
  8 1180uS    196uS  -31.356kHz
  9  556uS    796uS  -25.180kHz
 10  560uS    816uS  -27.679kHz
 11  536uS    808uS  -26.119kHz
 12 1184uS    188uS  -31.883kHz
 13  636uS    712uS  -23.192kHz
 14 1228uS    148uS  -30.537kHz
 15  592uS    756uS  -24.493kHz
 16 1152uS    220uS  -32.118kHz
 17  540uS    812uS  -27.315kHz
 18 1188uS    180uS  -31.355kHz
 19  628uS    720uS  -23.487kHz
 20 1224uS    148uS  -30.637kHz
 21  588uS    764uS  -24.660kHz
 22 1148uS    220uS  -32.230kHz
 23 1220uS    136uS  -30.533kHz
 24 1176uS    192uS  -31.463kHz
 25  516uS   8004uS  -27.616kHz
0006540.525156s ###  25 pulses
num high   low      freq
  1  660uS    692uS  -22.348kHz
  2 1212uS    160uS  -30.734kHz
  3  544uS    800uS  -26.195kHz
  4  628uS    748uS  -23.885kHz
  5  612uS    740uS  -23.693kHz
  6 1156uS    216uS  -32.007kHz
  7  532uS    820uS  -25.846kHz
  8 1240uS    132uS  -30.242kHz
  9  624uS    724uS  -23.237kHz
 10  632uS    740uS  -24.130kHz
 11  612uS    736uS  -23.693kHz
 12 1212uS    168uS  -30.941kHz
 13  560uS    784uS  -25.446kHz
 14 1152uS    220uS  -32.986kHz
 15  552uS    796uS  -26.721kHz
 16 1208uS    164uS  -30.836kHz
 17  616uS    732uS  -23.945kHz
 18 1188uS    188uS  -31.355kHz
 19  540uS    804uS  -26.389kHz
 20 1152