0006631.782408s ###  25 pulses
num high   low      freq
  1  428uS    924uS  -36.799kHz
  2 1024uS    352uS  -36.865kHz
  3  424uS    924uS  -36.557kHz
  4  440uS    936uS  -36.932kHz
  5  428uS    920uS  -36.799kHz
  6 1020uS    356uS  -37.990kHz
  7  420uS    932uS  -37.500kHz
  8 1020uS    356uS  -37.990kHz
  9  420uS    928uS  -34.524kHz
 10 1016uS    356uS  -37.894kHz
 11  420uS    928uS  -36.905kHz
 12  436uS    940uS  -37.271kHz
 13  424uS    924uS  -36.557kHz
 14 1020uS    360uS  -37.990kHz
 15  420uS    928uS  -36.905kHz
 16 1016uS    356uS  -37.894kHz
 17  424uS    924uS  -34.788kHz
 18 1016uS    356uS  -38.140kHz
 19  428uS    920uS  -36.799kHz
 20 1020uS    356uS  -37.010kHz
 21  424uS    924uS  -36.557kHz
 22 1024uS    348uS  -37.842kHz
 23  428uS    920uS  -34.463kHz
 24  440uS    940uS  -36.932kHz
 25  424uS   8004uS  -37.146kHz
0006631.825224s ###  25 pulses
num high   low      freq
  1  424uS    928uS  -37.146kHz
  2 1020uS    352uS  -37.990kHz
  3  424uS    928uS  -37.146kHz
  4  436uS    940uS  -36.697kHz
  5  420uS    928uS  -36.905kHz
  6 1020uS    352uS  -37.990kHz
  7  424uS    924uS  -37.146kHz
  8 1024uS    356uS  -37.842kHz
  9  420uS    924uS  -36.905kHz
 10 1016uS    360uS  -36.909kHz
 11  420uS    928uS  -36.905kHz
 12  436uS    936uS  -34.977kHz
 13  424uS    928uS  -34.788kHz
 14 1020uS    352uS  -37.745kHz
 15  424uS    924uS  -36.557kHz
 16 1024uS    352uS  -37.842kHz
 17  424uS    928uS  -37.146kHz
 18 1012uS    356uS  -38.043kHz
 19  428uS    924uS  -36.799kHz
 20 1020uS    356uS  -37.745kHz
 21  420uS    924uS  -36.905kHz
 22 1020uS    356uS  -37.990kHz
 23  424uS    924uS  -37.146kHz
 24  436uS    936uS  -34.977kHz
 25  428uS   8004uS  -36.799kHz
0006631.868024s ###  25 pulses
num high   low      freq
  1  428uS    928uS  -37.383kHz
  2 1016uS    356uS  -37.894kHz
  3  424uS    924uS  -37.146kHz
  4  436uS    940uS  -37.271kHz
  5  424uS    924uS  -37.146kHz
  6 1024uS    352uS  -37.842kHz
  7  424uS    928uS  -37.146kHz
  8 1020uS    352uS  -36.765kHz
  9  424uS    924uS  -36.557kHz
 10 1016uS    360uS  -36.909kHz
 11  416uS    932uS  -37.260kHz
 12  432uS    940uS  -34.722kHz
 13  424uS    924uS  -37.146kHz
 14 1024uS    356uS  -37.842kHz
 15  420uS    928uS  -36.905kHz
 16 1012uS    356uS  -38.043kHz
 17  424uS    928uS  -37.146kHz
 18 1016uS    356uS  -37.894kHz
 19  420uS    928uS  -36.905kHz
 20 1020uS    356uS  -37.745kHz
 21  420uS    924uS  -36.905kHz
 22 1024uS    348uS  -37.842kHz
 23  428uS    920uS  -37.383kHz
 24  436uS    940uS  -37.271kHz
 25  428uS   8004uS  -36.799kHz
0006631.910824s ###  25 pulses
num high   low      freq
  1  428uS    924uS  -36.799kHz
  2 1016uS    356uS  -38.140kHz
  3  424uS    924uS  -36.557kHz
  4  440uS    936uS  -34.659kHz
  5  424uS    924uS  -37.146kHz
  6 1024uS    356uS  -37.842kHz
  7  420uS    928uS  -36.905kHz
  8 1016uS    356uS  -37.894kHz
  9  420uS    928uS  -36.905kHz
 10 1016uS    356uS  -37.894kHz
 11  420uS    928uS  -36.905kHz
 12  436uS    940uS  -36.697kHz
 13  424uS    924uS  -36.557kHz
 14 1016uS    356uS  -36.909kHz
 15  428uS    920uS  -36.215kHz
 16 1020uS    356uS  -37.990kHz
 17  420uS    928uS  -34.524kHz
 18 1020uS    352uS  -37.745kHz
 19  424uS    924uS  -36.557kHz
 20 1020uS    356uS  -37.745kHz
 21  424uS    924uS  -36.557kHz
 22 1020uS    352uS  -37.990kHz
 23  428uS    920uS  -33.879kHz
 24  436uS    940uS  -36.697kHz
 25  424uS   8004uS  -37.146kHz
0006631.953620s ###  25 pulses
num high   low      freq
  1  428uS    928uS  -36.799kHz
  2 1012uS    356uS  -37.796kHz
  3  424uS    924uS  -34.198kHz
  4  436uS    940uS  -36.697kHz
  5  424uS    924uS  -34.198kHz
  6 1020uS    356uS  -37.745kHz
  7  420uS    924uS  -36.905kHz
  8 1020uS    356uS  -37.745kHz
  9  420uS    928uS  -36.905kHz
 10 1016uS    356uS  -37.648kHz
 11  420uS    928uS  -36.310kHz
 12  436uS    940uS  -36.697kHz
 13  424uS    924uS  -37.146kHz
 14 1016uS    352uS  -37.648kHz
 15  428uS    924uS  -36.799kHz
 16 1016uS    356uS  -37.894kHz
 17  420uS    928uS  -36.905kHz
 18 1020uS    352uS  -37.745kHz
 19  424uS    924uS  -36.557kHz
 20 1020