0006597.093580s ###  25 pulses
num high   low      freq
  1  432uS    924uS  -36.458kHz
  2 1016uS    356uS  -37.648kHz
  3  424uS    924uS  -36.557kHz
  4  440uS    940uS  -36.364kHz
  5  424uS    924uS  -36.557kHz
  6 1020uS    356uS  -37.745kHz
  7  424uS    924uS  -36.557kHz
  8 1020uS    352uS  -37.500kHz
  9  424uS    924uS  -36.557kHz
 10 1024uS    356uS  -37.598kHz
 11  424uS    924uS  -36.557kHz
 12  440uS    936uS  -36.364kHz
 13  424uS    924uS  -36.557kHz
 14 1020uS    352uS  -37.745kHz
 15  432uS    920uS  -34.144kHz
 16 1020uS    352uS  -37.745kHz
 17  424uS    924uS  -36.557kHz
 18 1024uS    352uS  -37.842kHz
 19  424uS    924uS  -37.146kHz
 20 1024uS    356uS  -37.598kHz
 21  420uS    928uS  -34.524kHz
 22 1016uS    352uS  -36.909kHz
 23 1012uS    340uS  -37.549kHz
 24 1020uS    356uS  -37.745kHz
 25  420uS   8004uS  -36.905kHz
0006597.136400s ###  25 pulses
num high   low      freq
  1  428uS    920uS  -33.879kHz
  2 1020uS    356uS  -37.500kHz
  3  424uS    924uS  -36.557kHz
  4  440uS    940uS  -35.795kHz
  5  424uS    920uS  -36.557kHz
  6 1020uS    356uS  -37.745kHz
  7  424uS    924uS  -36.557kHz
  8 1020uS    356uS  -37.500kHz
  9  424uS    924uS  -36.557kHz
 10 1020uS    356uS  -37.745kHz
 11  424uS    924uS  -37.146kHz
 12  440uS    932uS  -36.932kHz
 13  428uS    924uS  -36.799kHz
 14 1020uS    352uS  -37.500kHz
 15  424uS    928uS  -36.557kHz
 16 1020uS    352uS  -37.745kHz
 17  424uS    928uS  -36.557kHz
 18 1016uS    356uS  -36.663kHz
 19  428uS    916uS  -36.215kHz
 20 1020uS    356uS  -37.745kHz
 21  424uS    924uS  -37.146kHz
 22 1020uS    352uS  -37.745kHz
 23 1012uS    340uS  -37.549kHz
 24 1016uS    352uS  -37.648kHz
 25  428uS   8004uS  -36.799kHz
0006597.179204s ###  25 pulses
num high   low      freq
  1  424uS    924uS  -36.557kHz
  2 1024uS    356uS  -37.354kHz
  3  424uS    920uS  -36.557kHz
  4  436uS    940uS  -33.830kHz
  5  424uS    928uS  -36.557kHz
  6 1020uS    352uS  -36.765kHz
  7  424uS    924uS  -36.557kHz
  8 1020uS    356uS  -37.500kHz
  9  424uS    928uS  -36.557kHz
 10 1016uS    356uS  -37.894kHz
 11  424uS    920uS  -36.557kHz
 12  440uS    936uS  -34.091kHz
 13  424uS    924uS  -37.146kHz
 14 1024uS    352uS  -37.598kHz
 15  424uS    924uS  -36.557kHz
 16 1020uS    356uS  -37.255kHz
 17  424uS    920uS  -37.146kHz
 18 1024uS    352uS  -37.598kHz
 19  424uS    924uS  -37.146kHz
 20 1024uS    352uS  -37.598kHz
 21  424uS    924uS  -36.557kHz
 22 1020uS    352uS  -37.745kHz
 23 1008uS    340uS  -37.450kHz
 24 1020uS    356uS  -37.745kHz
 25  424uS   8004uS  -36.557kHz
0006597.222004s ###  25 pulses
num high   low      freq
  1  428uS    928uS  -36.799kHz
  2 1016uS    352uS  -37.648kHz
  3  424uS    924uS  -37.146kHz
  4  440uS    940uS  -36.932kHz
  5  420uS    928uS  -36.905kHz
  6 1020uS    352uS  -37.745kHz
  7  424uS    924uS  -34.198kHz
  8 1024uS    352uS  -37.598kHz
  9  424uS    924uS  -37.146kHz
 10 1020uS    356uS  -37.500kHz
 11  420uS    924uS  -36.905kHz
 12  440uS    940uS  -36.932kHz
 13  420uS    928uS  -36.905kHz
 14 1016uS    356uS  -35.679kHz
 15  428uS    920uS  -36.799kHz
 16 1020uS    352uS  -37.745kHz
 17  428uS    924uS  -33.879kHz
 18 1020uS    352uS  -35.784kHz
 19  424uS    928uS  -37.146kHz
 20 1020uS    352uS  -36.765kHz
 21  424uS    928uS  -36.557kHz
 22 1016uS    352uS  -36.909kHz
 23 1008uS    340uS  -37.698kHz
 24 1020uS    352uS  -37.500kHz
 25  424uS   8004uS  -36.557kHz
0006597.264800s ###  25 pulses
num high   low      freq
  1  432uS    920uS  -36.458kHz
  2 1020uS    356uS  -37.500kHz
  3  424uS    924uS  -36.557kHz
  4  436uS    940uS  -33.830kHz
  5  424uS    924uS  -36.557kHz
  6 1020uS    356uS  -37.745kHz
  7  424uS    924uS  -36.557kHz
  8 1016uS    352uS  -37.648kHz
  9  428uS    924uS  -33.879kHz
 10 1020uS    356uS  -38.725kHz
 11  424uS    924uS  -36.557kHz
 12  436uS    936uS  -34.404kHz
 13  428uS    920uS  -36.799kHz
 14 1020uS    352uS  -37.745kHz
 15  424uS    928uS  -34.198kHz
 16 1020uS    356uS  -37.500kHz
 17  420uS    924uS  -36.905kHz
 18 1024uS    352uS  -36.865kHz
 19  424uS    924uS  -36.557kHz
 20 1020