0007365.204860s ###  25 pulses
num high   low      freq
  1  432uS    916uS  -34.144kHz
  2 1024uS    352uS  -36.377kHz
  3  428uS    920uS  -36.799kHz
  4 1028uS    352uS  -37.451kHz
  5  420uS    924uS  -36.310kHz
  6 1024uS    352uS  -36.621kHz
  7  428uS    916uS  -36.799kHz
  8  444uS    936uS  -36.599kHz
  9  428uS    920uS  -33.879kHz
 10  444uS    932uS  -36.036kHz
 11  428uS    924uS  -36.215kHz
 12 1020uS    348uS  -36.765kHz
 13  432uS    920uS  -34.144kHz
 14 1024uS    348uS  -37.354kHz
 15  428uS    920uS  -35.631kHz
 16 1028uS    352uS  -37.451kHz
 17  424uS    924uS  -36.557kHz
 18 1020uS    352uS  -36.029kHz
 19  424uS    924uS  -37.146kHz
 20 1024uS    352uS  -37.598kHz
 21  424uS    928uS  -33.608kHz
 22 1016uS    348uS  -37.894kHz
 23 1016uS    336uS  -37.402kHz
 24 1016uS    352uS  -36.909kHz
 25  428uS   8004uS  -36.799kHz
0007365.247660s ###  25 pulses
num high   low      freq
  1  428uS    924uS  -34.463kHz
  2 1020uS    356uS  -37.500kHz
  3  420uS    928uS  -37.500kHz
  4 1024uS    352uS  -36.621kHz
  5  424uS    920uS  -33.608kHz
  6 1020uS    352uS  -37.010kHz
  7  428uS    924uS  -36.799kHz
  8  440uS    936uS  -36.932kHz
  9  424uS    924uS  -34.198kHz
 10  444uS    928uS  -36.599kHz
 11  432uS    916uS  -34.722kHz
 12 1028uS    348uS  -37.451kHz
 13  424uS    924uS  -35.967kHz
 14 1024uS    352uS  -37.598kHz
 15  428uS    920uS  -36.215kHz
 16 1024uS    352uS  -36.377kHz
 17  424uS    924uS  -33.608kHz
 18 1024uS    348uS  -36.865kHz
 19  432uS    916uS  -36.458kHz
 20 1024uS    348uS  -36.377kHz
 21  424uS    924uS  -35.967kHz
 22 1028uS    344uS  -37.451kHz
 23 1012uS    336uS  -36.314kHz
 24 1024uS    348uS  -37.598kHz
 25  432uS   8004uS  -36.458kHz
0007365.290460s ###  25 pulses
num high   low      freq
  1  428uS    920uS  -34.463kHz
  2 1024uS    352uS  -36.377kHz
  3  428uS    920uS  -37.383kHz
  4 1024uS    348uS  -36.621kHz
  5  428uS    920uS  -34.463kHz
  6 1024uS    352uS  -37.354kHz
  7  424uS    924uS  -35.967kHz
  8  444uS    936uS  -35.473kHz
  9  424uS    920uS  -34.788kHz
 10  440uS    936uS  -33.523kHz
 11  428uS    920uS  -35.631kHz
 12 1024uS    352uS  -37.598kHz
 13  424uS    924uS  -36.557kHz
 14 1024uS    352uS  -36.377kHz
 15  424uS    924uS  -35.967kHz
 16 1020uS    348uS  -36.765kHz
 17  428uS    924uS  -36.799kHz
 18 1024uS    348uS  -36.621kHz
 19  428uS    920uS  -33.879kHz
 20 1024uS    352uS  -37.842kHz
 21  428uS    920uS  -36.799kHz
 22 1024uS    348uS  -37.598kHz
 23 1008uS    340uS  -37.202kHz
 24 1024uS    348uS  -37.354kHz
 25  428uS   8004uS  -36.215kHz
0007365.333256s ###  25 pulses
num high   low      freq
  1  432uS    916uS  -34.144kHz
  2 1028uS    348uS  -37.451kHz
  3  428uS    920uS  -35.631kHz
  4 1024uS    352uS  -36.621kHz
  5  428uS    920uS  -36.799kHz
  6 1024uS    356uS  -36.377kHz
  7  420uS    924uS  -33.333kHz
  8  440uS    932uS  -35.795kHz
  9  428uS    920uS  -35.631kHz
 10  444uS    932uS  -35.473kHz
 11  428uS    924uS  -33.879kHz
 12 1024uS    348uS  -37.598kHz
 13  428uS    920uS  -36.799kHz
 14 1020uS    352uS  -37.500kHz
 15  424uS    924uS  -35.967kHz
 16 1024uS    352uS  -37.598kHz
 17  428uS    920uS  -36.215kHz
 18 1020uS    352uS  -36.520kHz
 19  428uS    920uS  -33.294kHz
 20 1028uS    348uS  -37.451kHz
 21  428uS    920uS  -36.799kHz
 22 1020uS    348uS  -36.520kHz
 23 1012uS    340uS  -37.796kHz
 24 1020uS    352uS  -37.500kHz
 25  424uS   8004uS  -35.967kHz
0007365.376048s ###  25 pulses
num high   low      freq
  1  428uS    920uS  -34.463kHz
  2 1028uS    348uS  -37.208kHz
  3  424uS    924uS  -35.967kHz
  4 1028uS    348uS  -36.722kHz
  5  424uS    924uS  -34.198kHz
  6 1024uS    352uS  -36.377kHz
  7  424uS    920uS  -37.146kHz
  8  440uS    936uS  -33.523kHz
  9  424uS    924uS  -35.967kHz
 10  440uS    936uS  -35.795kHz
 11  428uS    920uS  -35.631kHz
 12 1024uS    348uS  -37.598kHz
 13  428uS    920uS  -33.879kHz
 14 1024uS    352uS  -36.621kHz
 15  428uS    924uS  -35.631kHz
 16 1020uS    352uS  -36.765kHz
 17  424uS    924uS  -34.198kHz
 18 1024uS    348uS  -37.354kHz
 19  428uS    924uS  -35.631kHz
 20 1012