0005452.098980s ###  25 pulses
num high   low      freq
  1  448uS    904uS  -32.924kHz
  2  456uS    916uS  -33.991kHz
  3  456uS    892uS  -32.346kHz
  4 1056uS    324uS  -35.511kHz
  5  436uS    912uS  -32.683kHz
  6 1048uS    324uS  -35.782kHz
  7  452uS    900uS  -32.633kHz
  8 1036uS    332uS  -35.956kHz
  9  440uS    908uS  -34.091kHz
 10 1060uS    316uS  -35.613kHz
 11  456uS    892uS  -32.346kHz
 12 1036uS    340uS  -35.956kHz
 13  436uS    912uS  -33.830kHz
 14  452uS    928uS  -33.739kHz
 15  436uS    912uS  -33.830kHz
 16 1048uS    320uS  -35.782kHz
 17  444uS    908uS  -32.658kHz
 18 1028uS    344uS  -35.992kHz
 19  436uS    912uS  -31.537kHz
 20 1044uS    336uS  -35.920kHz
 21  428uS    916uS  -33.294kHz
 22 1032uS    336uS  -36.579kHz
 23 1028uS    328uS  -35.992kHz
 24 1040uS    332uS  -36.058kHz
 25  444uS   8004uS  -32.658kHz
0005452.141780s ###  25 pulses
num high   low      freq
  1  448uS    900uS  -32.924kHz
  2  452uS    924uS  -33.739kHz
  3  436uS    916uS  -33.830kHz
  4 1052uS    324uS  -35.646kHz
  5  432uS    920uS  -32.986kHz
  6 1024uS    340uS  -35.889kHz
  7  448uS    904uS  -32.924kHz
  8 1052uS    320uS  -35.646kHz
  9  444uS    904uS  -32.658kHz
 10 1040uS    336uS  -36.538kHz
 11  436uS    912uS  -33.830kHz
 12 1048uS    328uS  -35.782kHz
 13  432uS    920uS  -32.986kHz
 14  448uS    920uS  -32.924kHz
 15  436uS    912uS  -33.257kHz
 16 1028uS    348uS  -36.965kHz
 17  432uS    916uS  -34.144kHz
 18 1044uS    328uS  -35.920kHz
 19  436uS    916uS  -33.257kHz
 20 1024uS    344uS  -36.133kHz
 21  440uS    908uS  -33.523kHz
 22 1048uS    324uS  -36.021kHz
 23 1020uS    332uS  -37.010kHz
 24 1044uS    328uS  -35.920kHz
 25  440uS   8004uS  -32.955kHz
0005452.184572s ###  25 pulses
num high   low      freq
  1  436uS    912uS  -31.537kHz
  2  452uS    928uS  -33.739kHz
  3  436uS    912uS  -33.830kHz
  4 1040uS    332uS  -36.058kHz
  5  440uS    904uS  -32.955kHz
  6 1036uS    344uS  -35.956kHz
  7  424uS    920uS  -34.788kHz
  8 1052uS    324uS  -35.884kHz
  9  444uS    904uS  -32.658kHz
 10 1028uS    348uS  -35.992kHz
 11  428uS    916uS  -35.047kHz
 12 1048uS    328uS  -36.021kHz
 13  440uS    904uS  -32.955kHz
 14  452uS    924uS  -33.186kHz
 15  436uS    916uS  -33.257kHz
 16 1028uS    344uS  -36.235kHz
 17  432uS    916uS  -32.986kHz
 18 1028uS    344uS  -36.479kHz
 19  440uS    908uS  -33.523kHz
 20 1040uS    332uS  -36.058kHz
 21  436uS    912uS  -33.257kHz
 22 1032uS    344uS  -36.822kHz
 23 1028uS    320uS  -35.992kHz
 24 1024uS    344uS  -36.133kHz
 25  436uS   8004uS  -32.110kHz
0005452.227356s ###  25 pulses
num high   low      freq
  1  444uS    912uS  -33.221kHz
  2  452uS    916uS  -33.186kHz
  3  448uS    904uS  -35.156kHz
  4 1032uS    340uS  -36.095kHz
  5  432uS    916uS  -32.986kHz
  6 1040uS    336uS  -36.058kHz
  7  440uS    908uS  -33.523kHz
  8 1032uS    340uS  -36.095kHz
  9  432uS    920uS  -32.986kHz
 10 1032uS    340uS  -36.337kHz
 11  440uS    908uS  -32.955kHz
 12 1032uS    336uS  -36.095kHz
 13  436uS    916uS  -33.257kHz
 14  448uS    928uS  -33.482kHz
 15  432uS    916uS  -33.565kHz
 16 1024uS    344uS  -36.133kHz
 17  440uS    908uS  -34.091kHz
 18 1040uS    336uS  -36.298kHz
 19  440uS    908uS  -33.523kHz
 20 1032uS    344uS  -36.095kHz
 21  428uS    920uS  -33.294kHz
 22 1032uS    340uS  -36.337kHz
 23 1020uS    324uS  -36.029kHz
 24 1028uS    344uS  -36.722kHz
 25  440uS   8004uS  -33.523kHz
0005452.270140s ###  25 pulses
num high   low      freq
  1  440uS    908uS  -33.523kHz
  2  452uS    924uS  -33.739kHz
  3  436uS    912uS  -33.830kHz
  4 1032uS    344uS  -36.095kHz
  5  428uS    920uS  -33.294kHz
  6 1032uS    340uS  -36.337kHz
  7  436uS    916uS  -33.257kHz
  8 1028uS    344uS  -36.235kHz
  9  432uS    920uS  -32.986kHz
 10 1020uS    348uS  -36.765kHz
 11  428uS    920uS  -34.463kHz
 12 1032uS    340uS  -36.337kHz
 13  436uS    916uS  -33.257kHz
 14  444uS    924uS  -33.784kHz
 15  436uS    916uS  -36.124kHz
 16 1028uS    344uS  -36.235kHz
 17  428uS    920uS  -33.294kHz
 18 1028uS    348uS  -36.722kHz
 19  428uS    916uS  -33.879kHz
 20 1036